-------------------------------------------------------------------------------
Test set: br.com.teste.TesteApplicationTests
-------------------------------------------------------------------------------
Tests run: 1, Failures: 0, Errors: 1, Skipped: 0, Time elapsed: 3.201 s <<< FAILURE! - in br.com.teste.TesteApplicationTests
contextLoads(br.com.teste.TesteApplicationTests)  Time elapsed: 0.003 s  <<< ERROR!
java.lang.IllegalStateException: Failed to load ApplicationContext
Caused by: org.springframework.beans.factory.UnsatisfiedDependencyException: Error creating bean with name 'pedidoController': Unsatisfied dependency expressed through field 'clienteRepository'; nested exception is org.springframework.beans.factory.BeanCreationException: Error creating bean with name 'clienteRepository': Invocation of init method failed; nested exception is java.lang.IllegalArgumentException: Not a managed type: class br.com.teste.domain.Cliente
Caused by: org.springframework.beans.factory.BeanCreationException: Error creating bean with name 'clienteRepository': Invocation of init method failed; nested exception is java.lang.IllegalArgumentException: Not a managed type: class br.com.teste.domain.Cliente
Caused by: java.lang.IllegalArgumentException: Not a managed type: class br.com.teste.domain.Cliente

